<?xml version="1.0" encoding="UTF-8"?>
<!-- Generated by org.testng.reporters.JUnitReportReporter -->
<testsuite skipped="0" hostname="LAPTOP-GKQNQ4EU" name="testcases.TestLogin" tests="3" failures="0" timestamp="11 Jun 2021 04:26:31 GMT" time="20.585" errors="0">
  <testcase name="invaildUsernameValidPswd" time="8.569" classname="testcases.TestLogin"/>
  <testcase name="validUserInvalidPswd" time="7.802" classname="testcases.TestLogin"/>
  <testcase name="validUserPswd" time="4.214" classname="testcases.TestLogin"/>
</testsuite> <!-- testcases.TestLogin -->
