<?xml version="1.0" encoding="UTF-8"?>
<!-- Generated by org.testng.reporters.JUnitReportReporter -->
<testsuite skipped="0" hostname="LAPTOP-GKQNQ4EU" name="testcases.OpportunitiesTestng" tests="3" failures="0" timestamp="11 Jun 2021 04:26:31 GMT" time="38.641" errors="0">
  <testcase name="validUserPswd" time="24.610" classname="testcases.OpportunitiesTestng"/>
  <testcase name="opportunitiesopen" time="9.383" classname="testcases.OpportunitiesTestng"/>
  <testcase name="newOpportunities" time="4.648" classname="testcases.OpportunitiesTestng"/>
</testsuite> <!-- testcases.OpportunitiesTestng -->
