<?xml version="1.0" encoding="UTF-8"?>
<!-- Generated by org.testng.reporters.JUnitReportReporter -->
<testsuite skipped="0" hostname="LAPTOP-GKQNQ4EU" name="testcases.SignOutTestng" tests="2" failures="0" timestamp="11 Jun 2021 04:26:31 GMT" time="36.303" errors="0">
  <testcase name="validUserPswd" time="26.502" classname="testcases.SignOutTestng"/>
  <testcase name="SignOut" time="9.801" classname="testcases.SignOutTestng"/>
</testsuite> <!-- testcases.SignOutTestng -->
