<?xml version="1.0" encoding="UTF-8"?>
<!-- Generated by org.testng.reporters.JUnitReportReporter -->
<testsuite skipped="0" hostname="LAPTOP-GKQNQ4EU" name="testcases.UrlTitle" tests="2" failures="0" timestamp="11 Jun 2021 04:26:31 GMT" time="0.079" errors="0">
  <testcase name="urlVerification" time="0.035" classname="testcases.UrlTitle"/>
  <testcase name="titleVerification" time="0.044" classname="testcases.UrlTitle"/>
</testsuite> <!-- testcases.UrlTitle -->
