<?xml version="1.0" encoding="UTF-8"?>
<!-- Generated by org.testng.reporters.JUnitReportReporter -->
<testsuite skipped="0" hostname="LAPTOP-GKQNQ4EU" name="testcases.TaskTestng" tests="7" failures="0" timestamp="11 Jun 2021 04:26:31 GMT" time="57.928" errors="0">
  <testcase name="validUserPswd" time="23.455" classname="testcases.TaskTestng"/>
  <testcase name="tasks" time="5.146" classname="testcases.TaskTestng"/>
  <testcase name="newtasks" time="4.275" classname="testcases.TaskTestng"/>
  <testcase name="taskName" time="4.224" classname="testcases.TaskTestng"/>
  <testcase name="relatedTo" time="4.337" classname="testcases.TaskTestng"/>
  <testcase name="dueDatee" time="4.255" classname="testcases.TaskTestng"/>
  <testcase name="taskSave" time="12.236" classname="testcases.TaskTestng"/>
</testsuite> <!-- testcases.TaskTestng -->
