<?xml version="1.0" encoding="UTF-8"?>
<!-- Generated by org.testng.reporters.JUnitReportReporter -->
<testsuite skipped="0" hostname="LAPTOP-GKQNQ4EU" name="testcases.ProjectSearchTestng" tests="5" failures="0" timestamp="11 Jun 2021 04:26:31 GMT" time="48.827" errors="0">
  <testcase name="validUserPswd" time="24.751" classname="testcases.ProjectSearchTestng"/>
  <testcase name="projectclick" time="10.391" classname="testcases.ProjectSearchTestng"/>
  <testcase name="projectSearch" time="8.388" classname="testcases.ProjectSearchTestng"/>
  <testcase name="checkProjectName" time="0.065" classname="testcases.ProjectSearchTestng"/>
  <testcase name="checkProject" time="5.232" classname="testcases.ProjectSearchTestng"/>
</testsuite> <!-- testcases.ProjectSearchTestng -->
