<?xml version="1.0" encoding="UTF-8"?>
<!-- Generated by org.testng.reporters.JUnitReportReporter -->
<testsuite skipped="0" hostname="LAPTOP-GKQNQ4EU" name="testcases.ProfileTestNG" tests="8" failures="0" timestamp="11 Jun 2021 04:26:31 GMT" time="54.571" errors="0">
  <testcase name="projectclick" time="14.098" classname="testcases.ProfileTestNG"/>
  <testcase name="addNameInNewProject" time="11.150" classname="testcases.ProfileTestNG"/>
  <testcase name="projectNamefieldpresent" time="0.062" classname="testcases.ProfileTestNG"/>
  <testcase name="selectClientSelected" time="4.523" classname="testcases.ProfileTestNG"/>
  <testcase name="selectProjectStartDate" time="4.306" classname="testcases.ProfileTestNG"/>
  <testcase name="selectProjectendtDate" time="4.250" classname="testcases.ProfileTestNG"/>
  <testcase name="checkRadioButton" time="8.474" classname="testcases.ProfileTestNG"/>
  <testcase name="ProjectSave" time="7.708" classname="testcases.ProfileTestNG"/>
</testsuite> <!-- testcases.ProfileTestNG -->
