<?xml version="1.0" encoding="UTF-8"?>
<!-- Generated by org.testng.reporters.JUnitReportReporter -->
<testsuite skipped="0" hostname="LAPTOP-GKQNQ4EU" name="testcases.BugTestng" tests="7" failures="0" timestamp="11 Jun 2021 04:26:31 GMT" time="53.695" errors="0">
  <testcase name="validUserPswd" time="19.996" classname="testcases.BugTestng"/>
  <testcase name="bugtab" time="8.504" classname="testcases.BugTestng"/>
  <testcase name="newbug" time="3.165" classname="testcases.BugTestng"/>
  <testcase name="issue" time="3.239" classname="testcases.BugTestng"/>
  <testcase name="budTittle" time="3.273" classname="testcases.BugTestng"/>
  <testcase name="budrelated" time="3.265" classname="testcases.BugTestng"/>
  <testcase name="savebug" time="12.253" classname="testcases.BugTestng"/>
</testsuite> <!-- testcases.BugTestng -->
